[19:30:18] [ServerMain/INFO]: Environment: authHost='https://authserver.mojang.com', accountsHost='https://api.mojang.com', sessionHost='https://sessionserver.mojang.com', servicesHost='https://api.minecraftservices.com', name='PROD'
[19:30:21] [Worker-Main-1/INFO]: Loaded 7 recipes
[19:30:23] [Server thread/INFO]: Starting minecraft server version 1.18.2
[19:30:23] [Server thread/INFO]: Loading properties
[19:30:24] [Server thread/INFO]: This server is running Paper version git-Paper-379 (MC: 1.18.2) (Implementing API version 1.18.2-R0.1-SNAPSHOT) (Git: 276d830)
[19:30:24] [Server thread/INFO]: Server Ping Player Sample Count: 12
[19:30:24] [Server thread/INFO]: Using 4 threads for Netty based IO
[19:30:24] [Server thread/INFO]: Default game type: SURVIVAL
[19:30:24] [Server thread/INFO]: Generating keypair
[19:30:24] [Server thread/INFO]: Starting Minecraft server on *:25565
[19:30:24] [Server thread/INFO]: Using epoll channel type
[19:30:24] [Server thread/INFO]: Paper: Using libdeflate (Linux x86_64) compression from Velocity.
[19:30:24] [Server thread/INFO]: Paper: Using OpenSSL 1.1.x (Linux x86_64) cipher from Velocity.
[19:30:24] [Server thread/INFO]: Server permissions file permissions.yml is empty, ignoring it
[19:30:24] [Server thread/INFO]: Preparing level "world"
[19:30:32] [Server thread/INFO]: Preparing start region for dimension minecraft:overworld
[19:30:33] [Server thread/INFO]: Time elapsed: 549 ms
[19:30:33] [Server thread/INFO]: Preparing start region for dimension minecraft:the_nether
[19:30:33] [Server thread/INFO]: Time elapsed: 262 ms
[19:30:33] [Server thread/INFO]: Preparing start region for dimension minecraft:the_end
[19:30:33] [Server thread/INFO]: Time elapsed: 287 ms
[19:30:33] [Server thread/INFO]: Running delayed init tasks
[19:30:33] [Server thread/INFO]: Done (9.807s)! For help, type "help"
[19:30:33] [Server thread/INFO]: Timings Reset
